#
# There is insufficient memory for the Java Runtime Environment to continue.
# Native memory allocation (mmap) failed to map 65536 bytes for Failed to commit area from 0x0000016de1020000 to 0x0000016de1030000 of length 65536.
# Possible reasons:
#   The system is out of physical RAM or swap space
#   The process is running with CompressedOops enabled, and the Java Heap may be blocking the growth of the native heap
# Possible solutions:
#   Reduce memory load on the system
#   Increase physical memory or swap space
#   Check if swap backing store is full
#   Decrease Java heap size (-Xmx/-Xms)
#   Decrease number of Java threads
#   Decrease Java thread stack sizes (-Xss)
#   Set larger code cache with -XX:ReservedCodeCacheSize=
# This output file may be truncated or incomplete.
#
#  Out of Memory Error (c:/BuildAgent/work/1eae4dac1d648407/src/hotspot/os/windows/os_windows.cpp:3296), pid=23740, tid=24492
#
# JRE version:  (11.0.6+8) (build )
# Java VM: OpenJDK 64-Bit Server VM (11.0.6+8-b765.40, mixed mode, sharing, tiered, compressed oops, g1 gc, windows-amd64)
# No core dump will be written. Minidumps are not enabled by default on client versions of Windows
#

---------------  S U M M A R Y ------------

Command Line: org.jetbrains.git4idea.http.GitAskPassApp Password for 'https://CPMII@dev.azure.com': 

Host: Intel(R) Core(TM) i7-8565U CPU @ 1.80GHz, 8 cores, 15G,  Windows 10 , 64 bit Build 18362 (10.0.18362.778)
Time: Sat Jun  6 14:26:22 2020 Srodkowoeuropejski czas letni elapsed time: 0 seconds (0d 0h 0m 0s)

---------------  T H R E A D  ---------------

Current thread (0x0000016dcc05f000):  JavaThread "Unknown thread" [_thread_in_vm, id=24492, stack(0x000000678f400000,0x000000678f500000)]

Stack: [0x000000678f400000,0x000000678f500000]
Native frames: (J=compiled Java code, j=interpreted, Vv=VM code, C=native code)
V  [jvm.dll+0x5ddf9a]
V  [jvm.dll+0x710ae5]
V  [jvm.dll+0x712005]
V  [jvm.dll+0x7126b3]
V  [jvm.dll+0x23e718]
V  [jvm.dll+0x5db444]
V  [jvm.dll+0x5d0675]
V  [jvm.dll+0x2faf1b]
V  [jvm.dll+0x2fae8a]
V  [jvm.dll+0x2fad62]
V  [jvm.dll+0x2ffd45]
V  [jvm.dll+0x3484f5]
V  [jvm.dll+0x348be6]
V  [jvm.dll+0x3485e3]
V  [jvm.dll+0x2d5938]
V  [jvm.dll+0x2d6ad7]
V  [jvm.dll+0x6ef8a7]
V  [jvm.dll+0x6f109c]
V  [jvm.dll+0x355b29]
V  [jvm.dll+0x6d4a7e]
V  [jvm.dll+0x3bf053]
V  [jvm.dll+0x3c15d1]
C  [jli.dll+0x5363]
C  [ucrtbase.dll+0x20e82]
C  [KERNEL32.DLL+0x17bd4]
C  [ntdll.dll+0x6ce51]


---------------  P R O C E S S  ---------------

Threads class SMR info:
_java_thread_list=0x0000016dc9e431c0, length=0, elements={
}

Java Threads: ( => current thread )

Other Threads:
  0x0000016dcc079000 GCTaskThread "GC Thread#0" [stack: 0x000000678f500000,0x000000678f600000] [id=8776]
  0x0000016dcc0d9000 ConcurrentGCThread "G1 Main Marker" [stack: 0x000000678f600000,0x000000678f700000] [id=21508]
  0x0000016dcc0da800 ConcurrentGCThread "G1 Conc#0" [stack: 0x000000678f700000,0x000000678f800000] [id=16436]

[error occurred during error reporting (printing all threads), id 0xc0000005, EXCEPTION_ACCESS_VIOLATION (0xc0000005) at pc=0x00007ffed41d6047]

VM state:not at safepoint (not fully initialized)

VM Mutex/Monitor currently owned by a thread:  ([mutex/lock_event])
[0x0000016dcc05ce30] Heap_lock - owner thread: 0x0000016dcc05f000

Heap address: 0x0000000702400000, size: 4060 MB, Compressed Oops mode: Non-zero based: 0x0000000702400000
Narrow klass base: 0x0000000000000000, Narrow klass shift: 0

GC Heap History (0 events):
No events

Deoptimization events (0 events):
No events

Classes redefined (0 events):
No events

Internal exceptions (0 events):
No events

Events (2 events):
Event: 0.007 Loaded shared library C:\Program Files\JetBrains\IntelliJ IDEA 2020.1.1\jbr\bin\zip.dll
Event: 0.007 Loaded shared library C:\Program Files\JetBrains\IntelliJ IDEA 2020.1.1\jbr\bin\jimage.dll


Dynamic libraries:
0x00007ff62c450000 - 0x00007ff62c45a000 	C:\Program Files\JetBrains\IntelliJ IDEA 2020.1.1\jbr\bin\java.exe
0x00007fff3d780000 - 0x00007fff3d970000 	C:\WINDOWS\SYSTEM32\ntdll.dll
0x00007fff0bfa0000 - 0x00007fff0bfb3000 	C:\Program Files\AVAST Software\Avast\aswhook.dll
0x00007fff3d150000 - 0x00007fff3d202000 	C:\WINDOWS\System32\KERNEL32.DLL
0x00007fff3a710000 - 0x00007fff3a9b4000 	C:\WINDOWS\System32\KERNELBASE.dll
0x00007fff3b6b0000 - 0x00007fff3b7aa000 	C:\WINDOWS\System32\ucrtbase.dll
0x00007fff32b10000 - 0x00007fff32b29000 	C:\Program Files\JetBrains\IntelliJ IDEA 2020.1.1\jbr\bin\jli.dll
0x00007fff3b840000 - 0x00007fff3b9d4000 	C:\WINDOWS\System32\USER32.dll
0x00007fff3aa20000 - 0x00007fff3aa41000 	C:\WINDOWS\System32\win32u.dll
0x00007fff3cbe0000 - 0x00007fff3cc06000 	C:\WINDOWS\System32\GDI32.dll
0x00007fff3b220000 - 0x00007fff3b3b4000 	C:\WINDOWS\System32\gdi32full.dll
0x00007fff3b610000 - 0x00007fff3b6ae000 	C:\WINDOWS\System32\msvcp_win.dll
0x00007fff328f0000 - 0x00007fff32907000 	C:\Program Files\JetBrains\IntelliJ IDEA 2020.1.1\jbr\bin\VCRUNTIME140.dll
0x00007fff25410000 - 0x00007fff25694000 	C:\WINDOWS\WinSxS\amd64_microsoft.windows.common-controls_6595b64144ccf1df_6.0.18362.836_none_e6c4b943130f18ed\COMCTL32.dll
0x00007fff3d3d0000 - 0x00007fff3d46e000 	C:\WINDOWS\System32\msvcrt.dll
0x00007fff3c730000 - 0x00007fff3ca66000 	C:\WINDOWS\System32\combase.dll
0x00007fff3d230000 - 0x00007fff3d350000 	C:\WINDOWS\System32\RPCRT4.dll
0x00007fff3b7b0000 - 0x00007fff3b830000 	C:\WINDOWS\System32\bcryptPrimitives.dll
0x00007fff3bb80000 - 0x00007fff3bbae000 	C:\WINDOWS\System32\IMM32.DLL
0x00007fff2ad80000 - 0x00007fff2ae1d000 	C:\Program Files\JetBrains\IntelliJ IDEA 2020.1.1\jbr\bin\msvcp140.dll
0x00007ffed3ef0000 - 0x00007ffed49ad000 	C:\Program Files\JetBrains\IntelliJ IDEA 2020.1.1\jbr\bin\server\jvm.dll
0x00007fff3c540000 - 0x00007fff3c5e3000 	C:\WINDOWS\System32\ADVAPI32.dll
0x00007fff3ca70000 - 0x00007fff3cb07000 	C:\WINDOWS\System32\sechost.dll
0x00007fff3b830000 - 0x00007fff3b838000 	C:\WINDOWS\System32\PSAPI.DLL
0x00007fff24570000 - 0x00007fff24579000 	C:\WINDOWS\SYSTEM32\WSOCK32.dll
0x00007fff3c6c0000 - 0x00007fff3c72f000 	C:\WINDOWS\System32\WS2_32.dll
0x00007fff35220000 - 0x00007fff35244000 	C:\WINDOWS\SYSTEM32\WINMM.dll
0x00007fff2fe90000 - 0x00007fff2fe9a000 	C:\WINDOWS\SYSTEM32\VERSION.dll
0x00007fff35110000 - 0x00007fff3513d000 	C:\WINDOWS\SYSTEM32\WINMMBASE.dll
0x00007fff3b1d0000 - 0x00007fff3b21a000 	C:\WINDOWS\System32\cfgmgr32.dll
0x00007fff3a670000 - 0x00007fff3a681000 	C:\WINDOWS\System32\kernel.appcore.dll
0x00007fff324e0000 - 0x00007fff324f1000 	C:\Program Files\JetBrains\IntelliJ IDEA 2020.1.1\jbr\bin\verify.dll
0x00007fff35f10000 - 0x00007fff36104000 	C:\WINDOWS\SYSTEM32\DBGHELP.DLL
0x00007fff2d230000 - 0x00007fff2d25a000 	C:\WINDOWS\SYSTEM32\dbgcore.DLL
0x00007fff30390000 - 0x00007fff303b9000 	C:\Program Files\JetBrains\IntelliJ IDEA 2020.1.1\jbr\bin\java.dll
0x00007fff30250000 - 0x00007fff30268000 	C:\Program Files\JetBrains\IntelliJ IDEA 2020.1.1\jbr\bin\zip.dll
0x00007fff325f0000 - 0x00007fff325fb000 	C:\Program Files\JetBrains\IntelliJ IDEA 2020.1.1\jbr\bin\jimage.dll

dbghelp: loaded successfully - version: 4.0.5 - missing functions: none
symbol engine: initialized successfully - sym options: 0x614 - pdb path: .;C:\Program Files\JetBrains\IntelliJ IDEA 2020.1.1\jbr\bin;C:\WINDOWS\SYSTEM32;C:\Program Files\AVAST Software\Avast;C:\WINDOWS\WinSxS\amd64_microsoft.windows.common-controls_6595b64144ccf1df_6.0.18362.836_none_e6c4b943130f18ed;C:\Program Files\JetBrains\IntelliJ IDEA 2020.1.1\jbr\bin\server

VM Arguments:
java_command: org.jetbrains.git4idea.http.GitAskPassApp Password for 'https://CPMII@dev.azure.com': 
java_class_path (initial): C:/Program Files/JetBrains/IntelliJ IDEA 2020.1.1/plugins/git4idea/lib/git4idea-rt.jar;C:/Program Files/JetBrains/IntelliJ IDEA 2020.1.1/lib/xmlrpc-2.0.1.jar;C:/Program Files/JetBrains/IntelliJ IDEA 2020.1.1/lib/commons-codec-1.14.jar;C:/Program Files/JetBrains/IntelliJ IDEA 2020.1.1/lib/util.jar
Launcher Type: SUN_STANDARD

[Global flags]
     intx CICompilerCount                          = 4                                         {product} {ergonomic}
     uint ConcGCThreads                            = 2                                         {product} {ergonomic}
     uint G1ConcRefinementThreads                  = 8                                         {product} {ergonomic}
   size_t G1HeapRegionSize                         = 1048576                                   {product} {ergonomic}
    uintx GCDrainStackTargetSize                   = 64                                        {product} {ergonomic}
   size_t InitialHeapSize                          = 266338304                                 {product} {ergonomic}
   size_t MarkStackSize                            = 4194304                                   {product} {ergonomic}
   size_t MaxHeapSize                              = 4257218560                                {product} {ergonomic}
   size_t MinHeapDeltaBytes                        = 1048576                                   {product} {ergonomic}
    uintx NonNMethodCodeHeapSize                   = 5836300                                {pd product} {ergonomic}
    uintx NonProfiledCodeHeapSize                  = 122910970                              {pd product} {ergonomic}
    uintx ProfiledCodeHeapSize                     = 122910970                              {pd product} {ergonomic}
    uintx ReservedCodeCacheSize                    = 251658240                              {pd product} {ergonomic}
     bool SegmentedCodeCache                       = true                                      {product} {ergonomic}
     bool UseCompressedClassPointers               = true                                 {lp64_product} {ergonomic}
     bool UseCompressedOops                        = true                                 {lp64_product} {ergonomic}
     bool UseG1GC                                  = true                                      {product} {ergonomic}
     bool UseLargePagesIndividualAllocation        = false                                  {pd product} {ergonomic}

Logging:
Log output configuration:
 #0: stdout all=warning uptime,level,tags
 #1: stderr all=off uptime,level,tags

Environment Variables:
PATH=C:\Program Files\Git\mingw64\libexec\git-core;C:\Program Files\Git\mingw64\libexec\git-core;C:\Program Files\Git\mingw64\bin;C:\Program Files\Git\usr\bin;C:\Users\zuzan\bin;C:\Program Files (x86)\Common Files\Oracle\Java\javapath;C:\Windows\system32;C:\Windows;C:\Windows\System32\Wbem;C:\Windows\System32\WindowsPowerShell\v1.0;C:\Windows\System32\OpenSSH;C:\Program Files (x86)\NVIDIA Corporation\PhysX\Common;C:\Program Files\Intel\WiFi\bin;C:\Program Files\Common Files\Intel\WirelessCommon;C:\WINDOWS\system32;C:\WINDOWS;C:\WINDOWS\System32\Wbem;C:\WINDOWS\System32\WindowsPowerShell\v1.0;C:\WINDOWS\System32\OpenSSH;C:\Program Files (x86)\Calibre2;C:\Program Files (x86)\Brackets\command;C:\Program Files\Git\cmd;C:\Program Files\nodejs;C:\Users\zuzan\AppData\Local\Microsoft\WindowsApps;D:\Microsoft VS Code\bin;C:\Program Files\heroku\bin;C:\Users\zuzan\AppData\Roaming\npm
USERNAME=zuzan
DISPLAY=:0.0
OS=Windows_NT
PROCESSOR_IDENTIFIER=Intel64 Family 6 Model 142 Stepping 11, GenuineIntel



---------------  S Y S T E M  ---------------

OS: Windows 10 , 64 bit Build 18362 (10.0.18362.778)

CPU:total 8 (initial active 8) (4 cores per cpu, 2 threads per core) family 6 model 142 stepping 11, cmov, cx8, fxsr, mmx, sse, sse2, sse3, ssse3, sse4.1, sse4.2, popcnt, avx, avx2, aes, clmul, erms, 3dnowpref, lzcnt, ht, tsc, tscinvbit, bmi1, bmi2, adx, fma

Memory: 4k page, system-wide physical 16235M (6377M free)
TotalPageFile size 28958M (AvailPageFile size 3M)
current process WorkingSet (physical memory assigned to process): 10M, peak: 10M
current process commit charge ("private bytes"): 319M, peak: 319M

vm_info: OpenJDK 64-Bit Server VM (11.0.6+8-b765.40) for windows-amd64 JRE (11.0.6+8-b765.40), built on Apr 20 2020 14:37:21 by "" with MS VC++ 14.0 (VS2015)

END.
